Build started 4/20/2015 12:53:22 AM.
     1>Project "C:\Users\Aren\Documents\Programming 113\KasnerProject2\KasnerProject2\KasnerProject2.vcxproj" on node 2 (Build target(s)).
     1>ClCompile:
         C:\Program Files (x86)\Microsoft Visual Studio 12.0\VC\bin\CL.exe /c /ZI /nologo /W3 /WX- /sdl /Od /Oy- /D WIN32 /D _DEBUG /D _CONSOLE /D _LIB /D _UNICODE /D UNICODE /Gm /EHsc /RTC1 /MDd /GS /fp:precise /Zc:wchar_t /Zc:forScope /Yu"stdafx.h" /Fp"Debug\KasnerProject2.pch" /Fo"Debug\\" /Fd"Debug\vc120.pdb" /Gd /TP /analyze- /errorReport:prompt Class.cpp Client.cpp
         Client.cpp
     1>c:\users\aren\documents\programming 113\kasnerproject2\kasnerproject2\class.h(57): error C2504: 'string' : base class undefined
         Class.cpp
     1>c:\users\aren\documents\programming 113\kasnerproject2\kasnerproject2\class.h(57): error C2504: 'string' : base class undefined
         Generating Code...
     1>Done Building Project "C:\Users\Aren\Documents\Programming 113\KasnerProject2\KasnerProject2\KasnerProject2.vcxproj" (Build target(s)) -- FAILED.

Build FAILED.

Time Elapsed 00:00:01.25
